{"/home/akhilesh/React/ipo-currency_rate-dashboard/src/App.js": {"path":"/home/akhilesh/React/ipo-currency_rate-dashboard/src/App.js","statementMap":{"0":{"start":{"line":18,"column":52},"end":{"line":18,"column":67}},"1":{"start":{"line":20,"column":22},"end":{"line":22,"column":3}},"2":{"start":{"line":21,"column":4},"end":{"line":21,"column":44}},"3":{"start":{"line":24,"column":2},"end":{"line":44,"column":4}}},"fnMap":{"0":{"name":"App","decl":{"start":{"line":16,"column":9},"end":{"line":16,"column":12}},"loc":{"start":{"line":16,"column":15},"end":{"line":45,"column":1}},"line":16},"1":{"name":"(anonymous_1)","decl":{"start":{"line":20,"column":22},"end":{"line":20,"column":23}},"loc":{"start":{"line":20,"column":28},"end":{"line":22,"column":3}},"line":20}},"branchMap":{},"s":{"0":1,"1":1,"2":0,"3":1},"f":{"0":1,"1":0},"b":{},"_coverageSchema":"1a1c01bbd47fc00a2c39e90264f33305004495a9","hash":"01473a9bdd9c9d5daa38602c7071568309d0a8c9"}
,"/home/akhilesh/React/ipo-currency_rate-dashboard/src/components/Contact.jsx": {"path":"/home/akhilesh/React/ipo-currency_rate-dashboard/src/components/Contact.jsx","statementMap":{"0":{"start":{"line":6,"column":16},"end":{"line":96,"column":1}},"1":{"start":{"line":7,"column":34},"end":{"line":11,"column":4}},"2":{"start":{"line":12,"column":42},"end":{"line":12,"column":57}},"3":{"start":{"line":13,"column":19},"end":{"line":13,"column":32}},"4":{"start":{"line":15,"column":23},"end":{"line":21,"column":3}},"5":{"start":{"line":16,"column":28},"end":{"line":16,"column":36}},"6":{"start":{"line":17,"column":4},"end":{"line":20,"column":8}},"7":{"start":{"line":17,"column":31},"end":{"line":20,"column":5}},"8":{"start":{"line":23,"column":23},"end":{"line":27,"column":3}},"9":{"start":{"line":24,"column":4},"end":{"line":24,"column":23}},"10":{"start":{"line":25,"column":4},"end":{"line":25,"column":26}},"11":{"start":{"line":26,"column":4},"end":{"line":26,"column":45}},"12":{"start":{"line":29,"column":2},"end":{"line":53,"column":31}},"13":{"start":{"line":31,"column":4},"end":{"line":45,"column":5}},"14":{"start":{"line":32,"column":6},"end":{"line":39,"column":9}},"15":{"start":{"line":42,"column":6},"end":{"line":44,"column":15}},"16":{"start":{"line":43,"column":8},"end":{"line":43,"column":22}},"17":{"start":{"line":48,"column":4},"end":{"line":52,"column":6}},"18":{"start":{"line":49,"column":6},"end":{"line":51,"column":7}},"19":{"start":{"line":50,"column":8},"end":{"line":50,"column":32}},"20":{"start":{"line":55,"column":2},"end":{"line":95,"column":4}}},"fnMap":{"0":{"name":"(anonymous_0)","decl":{"start":{"line":6,"column":16},"end":{"line":6,"column":17}},"loc":{"start":{"line":6,"column":22},"end":{"line":96,"column":1}},"line":6},"1":{"name":"(anonymous_1)","decl":{"start":{"line":15,"column":23},"end":{"line":15,"column":24}},"loc":{"start":{"line":15,"column":30},"end":{"line":21,"column":3}},"line":15},"2":{"name":"(anonymous_2)","decl":{"start":{"line":17,"column":16},"end":{"line":17,"column":17}},"loc":{"start":{"line":17,"column":31},"end":{"line":20,"column":5}},"line":17},"3":{"name":"(anonymous_3)","decl":{"start":{"line":23,"column":23},"end":{"line":23,"column":24}},"loc":{"start":{"line":23,"column":30},"end":{"line":27,"column":3}},"line":23},"4":{"name":"(anonymous_4)","decl":{"start":{"line":29,"column":12},"end":{"line":29,"column":13}},"loc":{"start":{"line":29,"column":18},"end":{"line":53,"column":3}},"line":29},"5":{"name":"(anonymous_5)","decl":{"start":{"line":42,"column":29},"end":{"line":42,"column":30}},"loc":{"start":{"line":42,"column":35},"end":{"line":44,"column":7}},"line":42},"6":{"name":"(anonymous_6)","decl":{"start":{"line":48,"column":11},"end":{"line":48,"column":12}},"loc":{"start":{"line":48,"column":17},"end":{"line":52,"column":5}},"line":48}},"branchMap":{"0":{"loc":{"start":{"line":31,"column":4},"end":{"line":45,"column":5}},"type":"if","locations":[{"start":{"line":31,"column":4},"end":{"line":45,"column":5}},{"start":{},"end":{}}],"line":31},"1":{"loc":{"start":{"line":49,"column":6},"end":{"line":51,"column":7}},"type":"if","locations":[{"start":{"line":49,"column":6},"end":{"line":51,"column":7}},{"start":{},"end":{}}],"line":49}},"s":{"0":2,"1":5,"2":5,"3":5,"4":5,"5":3,"6":3,"7":3,"8":5,"9":1,"10":1,"11":1,"12":5,"13":2,"14":1,"15":1,"16":0,"17":2,"18":2,"19":1,"20":5},"f":{"0":5,"1":3,"2":3,"3":1,"4":2,"5":0,"6":2},"b":{"0":[1,1],"1":[1,1]},"_coverageSchema":"1a1c01bbd47fc00a2c39e90264f33305004495a9","hash":"6f6d53964ab7216d8b1e71a9e30213660828fca9"}
,"/home/akhilesh/React/ipo-currency_rate-dashboard/src/components/PageNotFound.jsx": {"path":"/home/akhilesh/React/ipo-currency_rate-dashboard/src/components/PageNotFound.jsx","statementMap":{"0":{"start":{"line":3,"column":21},"end":{"line":15,"column":1}},"1":{"start":{"line":4,"column":2},"end":{"line":14,"column":4}}},"fnMap":{"0":{"name":"(anonymous_0)","decl":{"start":{"line":3,"column":21},"end":{"line":3,"column":22}},"loc":{"start":{"line":3,"column":27},"end":{"line":15,"column":1}},"line":3}},"branchMap":{},"s":{"0":2,"1":2},"f":{"0":2},"b":{},"_coverageSchema":"1a1c01bbd47fc00a2c39e90264f33305004495a9","hash":"ffd78e276e000a0f18dfa2620b4f5a03207fdce0"}
,"/home/akhilesh/React/ipo-currency_rate-dashboard/src/components/Auth/Login.jsx": {"path":"/home/akhilesh/React/ipo-currency_rate-dashboard/src/components/Auth/Login.jsx","statementMap":{"0":{"start":{"line":10,"column":14},"end":{"line":97,"column":1}},"1":{"start":{"line":11,"column":34},"end":{"line":14,"column":4}},"2":{"start":{"line":15,"column":59},"end":{"line":15,"column":68}},"3":{"start":{"line":16,"column":30},"end":{"line":16,"column":45}},"4":{"start":{"line":18,"column":23},"end":{"line":24,"column":3}},"5":{"start":{"line":19,"column":28},"end":{"line":19,"column":36}},"6":{"start":{"line":20,"column":4},"end":{"line":23,"column":8}},"7":{"start":{"line":20,"column":31},"end":{"line":23,"column":5}},"8":{"start":{"line":26,"column":23},"end":{"line":58,"column":3}},"9":{"start":{"line":27,"column":4},"end":{"line":27,"column":23}},"10":{"start":{"line":28,"column":17},"end":{"line":31,"column":5}},"11":{"start":{"line":30,"column":8},"end":{"line":30,"column":76}},"12":{"start":{"line":32,"column":4},"end":{"line":57,"column":5}},"13":{"start":{"line":33,"column":6},"end":{"line":33,"column":18}},"14":{"start":{"line":34,"column":6},"end":{"line":34,"column":22}},"15":{"start":{"line":35,"column":6},"end":{"line":35,"column":29}},"16":{"start":{"line":36,"column":6},"end":{"line":36,"column":44}},"17":{"start":{"line":39,"column":6},"end":{"line":46,"column":9}},"18":{"start":{"line":49,"column":6},"end":{"line":56,"column":9}},"19":{"start":{"line":60,"column":2},"end":{"line":62,"column":3}},"20":{"start":{"line":61,"column":4},"end":{"line":61,"column":40}},"21":{"start":{"line":64,"column":2},"end":{"line":96,"column":4}}},"fnMap":{"0":{"name":"(anonymous_0)","decl":{"start":{"line":10,"column":14},"end":{"line":10,"column":15}},"loc":{"start":{"line":10,"column":20},"end":{"line":97,"column":1}},"line":10},"1":{"name":"(anonymous_1)","decl":{"start":{"line":18,"column":23},"end":{"line":18,"column":24}},"loc":{"start":{"line":18,"column":30},"end":{"line":24,"column":3}},"line":18},"2":{"name":"(anonymous_2)","decl":{"start":{"line":20,"column":16},"end":{"line":20,"column":17}},"loc":{"start":{"line":20,"column":31},"end":{"line":23,"column":5}},"line":20},"3":{"name":"(anonymous_3)","decl":{"start":{"line":26,"column":23},"end":{"line":26,"column":24}},"loc":{"start":{"line":26,"column":30},"end":{"line":58,"column":3}},"line":26},"4":{"name":"(anonymous_4)","decl":{"start":{"line":29,"column":6},"end":{"line":29,"column":7}},"loc":{"start":{"line":30,"column":8},"end":{"line":30,"column":76}},"line":30}},"branchMap":{"0":{"loc":{"start":{"line":30,"column":8},"end":{"line":30,"column":76}},"type":"binary-expr","locations":[{"start":{"line":30,"column":8},"end":{"line":30,"column":37}},{"start":{"line":30,"column":41},"end":{"line":30,"column":76}}],"line":30},"1":{"loc":{"start":{"line":32,"column":4},"end":{"line":57,"column":5}},"type":"if","locations":[{"start":{"line":32,"column":4},"end":{"line":57,"column":5}},{"start":{"line":47,"column":11},"end":{"line":57,"column":5}}],"line":32},"2":{"loc":{"start":{"line":60,"column":2},"end":{"line":62,"column":3}},"type":"if","locations":[{"start":{"line":60,"column":2},"end":{"line":62,"column":3}},{"start":{},"end":{}}],"line":60}},"s":{"0":2,"1":7,"2":7,"3":7,"4":7,"5":4,"6":4,"7":4,"8":7,"9":1,"10":1,"11":1,"12":1,"13":0,"14":0,"15":0,"16":0,"17":0,"18":1,"19":7,"20":0,"21":7},"f":{"0":7,"1":4,"2":4,"3":1,"4":1},"b":{"0":[1,0],"1":[0,1],"2":[0,7]},"_coverageSchema":"1a1c01bbd47fc00a2c39e90264f33305004495a9","hash":"9c3df82b3f9f3e80ca053285c9c8d83ce77bc502"}
,"/home/akhilesh/React/ipo-currency_rate-dashboard/src/components/Auth/Registration.jsx": {"path":"/home/akhilesh/React/ipo-currency_rate-dashboard/src/components/Auth/Registration.jsx","statementMap":{"0":{"start":{"line":8,"column":21},"end":{"line":125,"column":1}},"1":{"start":{"line":9,"column":34},"end":{"line":14,"column":4}},"2":{"start":{"line":15,"column":42},"end":{"line":15,"column":57}},"3":{"start":{"line":16,"column":27},"end":{"line":16,"column":36}},"4":{"start":{"line":17,"column":19},"end":{"line":17,"column":32}},"5":{"start":{"line":19,"column":23},"end":{"line":25,"column":3}},"6":{"start":{"line":20,"column":28},"end":{"line":20,"column":36}},"7":{"start":{"line":21,"column":4},"end":{"line":24,"column":8}},"8":{"start":{"line":21,"column":31},"end":{"line":24,"column":5}},"9":{"start":{"line":27,"column":23},"end":{"line":43,"column":3}},"10":{"start":{"line":28,"column":4},"end":{"line":28,"column":23}},"11":{"start":{"line":29,"column":4},"end":{"line":42,"column":5}},"12":{"start":{"line":30,"column":6},"end":{"line":30,"column":29}},"13":{"start":{"line":31,"column":6},"end":{"line":31,"column":28}},"14":{"start":{"line":32,"column":6},"end":{"line":32,"column":47}},"15":{"start":{"line":34,"column":6},"end":{"line":41,"column":9}},"16":{"start":{"line":45,"column":2},"end":{"line":70,"column":31}},"17":{"start":{"line":47,"column":4},"end":{"line":62,"column":5}},"18":{"start":{"line":48,"column":6},"end":{"line":61,"column":9}},"19":{"start":{"line":57,"column":10},"end":{"line":59,"column":19}},"20":{"start":{"line":58,"column":12},"end":{"line":58,"column":31}},"21":{"start":{"line":65,"column":4},"end":{"line":69,"column":6}},"22":{"start":{"line":66,"column":6},"end":{"line":68,"column":7}},"23":{"start":{"line":67,"column":8},"end":{"line":67,"column":32}},"24":{"start":{"line":72,"column":2},"end":{"line":124,"column":4}}},"fnMap":{"0":{"name":"(anonymous_0)","decl":{"start":{"line":8,"column":21},"end":{"line":8,"column":22}},"loc":{"start":{"line":8,"column":27},"end":{"line":125,"column":1}},"line":8},"1":{"name":"(anonymous_1)","decl":{"start":{"line":19,"column":23},"end":{"line":19,"column":24}},"loc":{"start":{"line":19,"column":30},"end":{"line":25,"column":3}},"line":19},"2":{"name":"(anonymous_2)","decl":{"start":{"line":21,"column":16},"end":{"line":21,"column":17}},"loc":{"start":{"line":21,"column":31},"end":{"line":24,"column":5}},"line":21},"3":{"name":"(anonymous_3)","decl":{"start":{"line":27,"column":23},"end":{"line":27,"column":24}},"loc":{"start":{"line":27,"column":36},"end":{"line":43,"column":3}},"line":27},"4":{"name":"(anonymous_4)","decl":{"start":{"line":45,"column":12},"end":{"line":45,"column":13}},"loc":{"start":{"line":45,"column":18},"end":{"line":70,"column":3}},"line":45},"5":{"name":"(anonymous_5)","decl":{"start":{"line":55,"column":17},"end":{"line":55,"column":18}},"loc":{"start":{"line":55,"column":23},"end":{"line":60,"column":9}},"line":55},"6":{"name":"(anonymous_6)","decl":{"start":{"line":57,"column":33},"end":{"line":57,"column":34}},"loc":{"start":{"line":57,"column":39},"end":{"line":59,"column":11}},"line":57},"7":{"name":"(anonymous_7)","decl":{"start":{"line":65,"column":11},"end":{"line":65,"column":12}},"loc":{"start":{"line":65,"column":17},"end":{"line":69,"column":5}},"line":65}},"branchMap":{"0":{"loc":{"start":{"line":29,"column":4},"end":{"line":42,"column":5}},"type":"if","locations":[{"start":{"line":29,"column":4},"end":{"line":42,"column":5}},{"start":{"line":33,"column":11},"end":{"line":42,"column":5}}],"line":29},"1":{"loc":{"start":{"line":47,"column":4},"end":{"line":62,"column":5}},"type":"if","locations":[{"start":{"line":47,"column":4},"end":{"line":62,"column":5}},{"start":{},"end":{}}],"line":47},"2":{"loc":{"start":{"line":66,"column":6},"end":{"line":68,"column":7}},"type":"if","locations":[{"start":{"line":66,"column":6},"end":{"line":68,"column":7}},{"start":{},"end":{}}],"line":66}},"s":{"0":2,"1":12,"2":12,"3":12,"4":12,"5":12,"6":8,"7":8,"8":8,"9":12,"10":2,"11":2,"12":1,"13":1,"14":1,"15":1,"16":12,"17":4,"18":1,"19":1,"20":0,"21":4,"22":4,"23":0,"24":12},"f":{"0":12,"1":8,"2":8,"3":2,"4":4,"5":1,"6":0,"7":4},"b":{"0":[1,1],"1":[1,3],"2":[0,4]},"_coverageSchema":"1a1c01bbd47fc00a2c39e90264f33305004495a9","hash":"36811e40617b8b2ee090afadb63f77e4c38ccd47"}
,"/home/akhilesh/React/ipo-currency_rate-dashboard/src/components/Charts/HighChartDataFetcher.jsx": {"path":"/home/akhilesh/React/ipo-currency_rate-dashboard/src/components/Charts/HighChartDataFetcher.jsx","statementMap":{"0":{"start":{"line":4,"column":29},"end":{"line":39,"column":1}},"1":{"start":{"line":5,"column":46},"end":{"line":5,"column":58}},"2":{"start":{"line":6,"column":28},"end":{"line":6,"column":42}},"3":{"start":{"line":8,"column":2},"end":{"line":26,"column":9}},"4":{"start":{"line":9,"column":32},"end":{"line":23,"column":5}},"5":{"start":{"line":10,"column":6},"end":{"line":22,"column":7}},"6":{"start":{"line":11,"column":25},"end":{"line":11,"column":144}},"7":{"start":{"line":13,"column":8},"end":{"line":15,"column":9}},"8":{"start":{"line":14,"column":10},"end":{"line":14,"column":61}},"9":{"start":{"line":17,"column":21},"end":{"line":17,"column":42}},"10":{"start":{"line":18,"column":8},"end":{"line":18,"column":32}},"11":{"start":{"line":20,"column":8},"end":{"line":20,"column":72}},"12":{"start":{"line":21,"column":8},"end":{"line":21,"column":69}},"13":{"start":{"line":25,"column":4},"end":{"line":25,"column":26}},"14":{"start":{"line":28,"column":2},"end":{"line":38,"column":4}}},"fnMap":{"0":{"name":"(anonymous_0)","decl":{"start":{"line":4,"column":29},"end":{"line":4,"column":30}},"loc":{"start":{"line":4,"column":35},"end":{"line":39,"column":1}},"line":4},"1":{"name":"(anonymous_1)","decl":{"start":{"line":8,"column":12},"end":{"line":8,"column":13}},"loc":{"start":{"line":8,"column":18},"end":{"line":26,"column":3}},"line":8},"2":{"name":"(anonymous_2)","decl":{"start":{"line":9,"column":32},"end":{"line":9,"column":33}},"loc":{"start":{"line":9,"column":44},"end":{"line":23,"column":5}},"line":9}},"branchMap":{"0":{"loc":{"start":{"line":13,"column":8},"end":{"line":15,"column":9}},"type":"if","locations":[{"start":{"line":13,"column":8},"end":{"line":15,"column":9}},{"start":{},"end":{}}],"line":13},"1":{"loc":{"start":{"line":30,"column":7},"end":{"line":36,"column":7}},"type":"cond-expr","locations":[{"start":{"line":31,"column":8},"end":{"line":33,"column":14}},{"start":{"line":35,"column":8},"end":{"line":35,"column":43}}],"line":30}},"s":{"0":3,"1":8,"2":8,"3":8,"4":5,"5":5,"6":5,"7":1,"8":1,"9":0,"10":0,"11":3,"12":3,"13":5,"14":8},"f":{"0":8,"1":5,"2":5},"b":{"0":[1,0],"1":[3,5]},"_coverageSchema":"1a1c01bbd47fc00a2c39e90264f33305004495a9","hash":"3f72c4b342f079e824a48466b563e78ec44588b9"}
,"/home/akhilesh/React/ipo-currency_rate-dashboard/src/components/Charts/Highchart.jsx": {"path":"/home/akhilesh/React/ipo-currency_rate-dashboard/src/components/Charts/Highchart.jsx","statementMap":{"0":{"start":{"line":6,"column":0},"end":{"line":6,"column":24}},"1":{"start":{"line":8,"column":18},"end":{"line":89,"column":1}},"2":{"start":{"line":10,"column":28},"end":{"line":18,"column":3}},"3":{"start":{"line":11,"column":22},"end":{"line":14,"column":7}},"4":{"start":{"line":11,"column":43},"end":{"line":14,"column":5}},"5":{"start":{"line":16,"column":4},"end":{"line":16,"column":43}},"6":{"start":{"line":17,"column":4},"end":{"line":17,"column":47}},"7":{"start":{"line":20,"column":2},"end":{"line":24,"column":13}},"8":{"start":{"line":21,"column":4},"end":{"line":23,"column":5}},"9":{"start":{"line":22,"column":6},"end":{"line":22,"column":33}},"10":{"start":{"line":27,"column":22},"end":{"line":86,"column":3}},"11":{"start":{"line":88,"column":2},"end":{"line":88,"column":36}}},"fnMap":{"0":{"name":"(anonymous_0)","decl":{"start":{"line":8,"column":18},"end":{"line":8,"column":19}},"loc":{"start":{"line":8,"column":32},"end":{"line":89,"column":1}},"line":8},"1":{"name":"(anonymous_1)","decl":{"start":{"line":10,"column":28},"end":{"line":10,"column":29}},"loc":{"start":{"line":10,"column":38},"end":{"line":18,"column":3}},"line":10},"2":{"name":"(anonymous_2)","decl":{"start":{"line":11,"column":31},"end":{"line":11,"column":32}},"loc":{"start":{"line":11,"column":43},"end":{"line":14,"column":5}},"line":11},"3":{"name":"(anonymous_3)","decl":{"start":{"line":20,"column":12},"end":{"line":20,"column":13}},"loc":{"start":{"line":20,"column":18},"end":{"line":24,"column":3}},"line":20}},"branchMap":{"0":{"loc":{"start":{"line":21,"column":4},"end":{"line":23,"column":5}},"type":"if","locations":[{"start":{"line":21,"column":4},"end":{"line":23,"column":5}},{"start":{},"end":{}}],"line":21},"1":{"loc":{"start":{"line":21,"column":8},"end":{"line":21,"column":31}},"type":"binary-expr","locations":[{"start":{"line":21,"column":8},"end":{"line":21,"column":12}},{"start":{"line":21,"column":16},"end":{"line":21,"column":31}}],"line":21},"2":{"loc":{"start":{"line":36,"column":12},"end":{"line":38,"column":38}},"type":"cond-expr","locations":[{"start":{"line":37,"column":10},"end":{"line":37,"column":54}},{"start":{"line":38,"column":10},"end":{"line":38,"column":38}}],"line":36}},"s":{"0":3,"1":3,"2":5,"3":0,"4":0,"5":0,"6":0,"7":5,"8":5,"9":0,"10":5,"11":5},"f":{"0":5,"1":0,"2":0,"3":5},"b":{"0":[0,5],"1":[5,5],"2":[5,0]},"_coverageSchema":"1a1c01bbd47fc00a2c39e90264f33305004495a9","hash":"a7ce5cf08279447f0643f3047fee3c6a8448106a"}
,"/home/akhilesh/React/ipo-currency_rate-dashboard/src/components/Dashboard/Dashboard.jsx": {"path":"/home/akhilesh/React/ipo-currency_rate-dashboard/src/components/Dashboard/Dashboard.jsx","statementMap":{"0":{"start":{"line":6,"column":18},"end":{"line":18,"column":1}},"1":{"start":{"line":7,"column":2},"end":{"line":17,"column":4}}},"fnMap":{"0":{"name":"(anonymous_0)","decl":{"start":{"line":6,"column":18},"end":{"line":6,"column":19}},"loc":{"start":{"line":6,"column":24},"end":{"line":18,"column":1}},"line":6}},"branchMap":{},"s":{"0":2,"1":1},"f":{"0":1},"b":{},"_coverageSchema":"1a1c01bbd47fc00a2c39e90264f33305004495a9","hash":"8a04cab816e0574460e0feff8a0d086d12e47fad"}
,"/home/akhilesh/React/ipo-currency_rate-dashboard/src/components/Home/Header.jsx": {"path":"/home/akhilesh/React/ipo-currency_rate-dashboard/src/components/Home/Header.jsx","statementMap":{"0":{"start":{"line":15,"column":2},"end":{"line":31,"column":4}}},"fnMap":{"0":{"name":"Header","decl":{"start":{"line":14,"column":9},"end":{"line":14,"column":15}},"loc":{"start":{"line":14,"column":33},"end":{"line":32,"column":1}},"line":14}},"branchMap":{},"s":{"0":2},"f":{"0":2},"b":{},"_coverageSchema":"1a1c01bbd47fc00a2c39e90264f33305004495a9","hash":"497acdfa955848baa850834b0c355258a7a4f881"}
,"/home/akhilesh/React/ipo-currency_rate-dashboard/src/components/Home/Home.jsx": {"path":"/home/akhilesh/React/ipo-currency_rate-dashboard/src/components/Home/Home.jsx","statementMap":{"0":{"start":{"line":10,"column":2},"end":{"line":76,"column":4}}},"fnMap":{"0":{"name":"Home","decl":{"start":{"line":9,"column":9},"end":{"line":9,"column":13}},"loc":{"start":{"line":9,"column":16},"end":{"line":77,"column":1}},"line":9}},"branchMap":{},"s":{"0":2},"f":{"0":2},"b":{},"_coverageSchema":"1a1c01bbd47fc00a2c39e90264f33305004495a9","hash":"34315a216a643165c6a1a47ffb961e2998006492"}
,"/home/akhilesh/React/ipo-currency_rate-dashboard/src/components/Home/Sidebar.jsx": {"path":"/home/akhilesh/React/ipo-currency_rate-dashboard/src/components/Home/Sidebar.jsx","statementMap":{"0":{"start":{"line":17,"column":2},"end":{"line":70,"column":4}}},"fnMap":{"0":{"name":"Sidebar","decl":{"start":{"line":16,"column":9},"end":{"line":16,"column":16}},"loc":{"start":{"line":16,"column":53},"end":{"line":71,"column":1}},"line":16}},"branchMap":{"0":{"loc":{"start":{"line":20,"column":17},"end":{"line":20,"column":62}},"type":"cond-expr","locations":[{"start":{"line":20,"column":37},"end":{"line":20,"column":57}},{"start":{"line":20,"column":60},"end":{"line":20,"column":62}}],"line":20}},"s":{"0":2},"f":{"0":2},"b":{"0":[1,1]},"_coverageSchema":"1a1c01bbd47fc00a2c39e90264f33305004495a9","hash":"dd7a090c535e078b283c3f774e9d69b36faa1082"}
,"/home/akhilesh/React/ipo-currency_rate-dashboard/src/components/IPOsAndCurrencyRate/CurrencyRates.jsx": {"path":"/home/akhilesh/React/ipo-currency_rate-dashboard/src/components/IPOsAndCurrencyRate/CurrencyRates.jsx","statementMap":{"0":{"start":{"line":4,"column":22},"end":{"line":26,"column":1}},"1":{"start":{"line":5,"column":32},"end":{"line":5,"column":47}},"2":{"start":{"line":6,"column":24},"end":{"line":6,"column":53}},"3":{"start":{"line":8,"column":24},"end":{"line":10,"column":3}},"4":{"start":{"line":9,"column":4},"end":{"line":9,"column":25}},"5":{"start":{"line":12,"column":2},"end":{"line":25,"column":4}},"6":{"start":{"line":18,"column":10},"end":{"line":21,"column":15}}},"fnMap":{"0":{"name":"(anonymous_0)","decl":{"start":{"line":4,"column":22},"end":{"line":4,"column":23}},"loc":{"start":{"line":4,"column":28},"end":{"line":26,"column":1}},"line":4},"1":{"name":"(anonymous_1)","decl":{"start":{"line":8,"column":24},"end":{"line":8,"column":25}},"loc":{"start":{"line":8,"column":30},"end":{"line":10,"column":3}},"line":8},"2":{"name":"(anonymous_2)","decl":{"start":{"line":17,"column":44},"end":{"line":17,"column":45}},"loc":{"start":{"line":18,"column":10},"end":{"line":21,"column":15}},"line":18}},"branchMap":{"0":{"loc":{"start":{"line":17,"column":9},"end":{"line":22,"column":10}},"type":"binary-expr","locations":[{"start":{"line":17,"column":9},"end":{"line":17,"column":22}},{"start":{"line":17,"column":26},"end":{"line":22,"column":10}}],"line":17}},"s":{"0":3,"1":6,"2":5,"3":5,"4":0,"5":5,"6":3},"f":{"0":6,"1":0,"2":3},"b":{"0":[5,3]},"_coverageSchema":"1a1c01bbd47fc00a2c39e90264f33305004495a9","hash":"4fd8e34c2f9209c1c2d99afd1ac0b7e11806e3c7"}
,"/home/akhilesh/React/ipo-currency_rate-dashboard/src/components/IPOsAndCurrencyRate/UpcomingIPOs.jsx": {"path":"/home/akhilesh/React/ipo-currency_rate-dashboard/src/components/IPOsAndCurrencyRate/UpcomingIPOs.jsx","statementMap":{"0":{"start":{"line":4,"column":21},"end":{"line":28,"column":1}},"1":{"start":{"line":5,"column":34},"end":{"line":5,"column":49}},"2":{"start":{"line":6,"column":25},"end":{"line":6,"column":45}},"3":{"start":{"line":8,"column":26},"end":{"line":10,"column":5}},"4":{"start":{"line":9,"column":6},"end":{"line":9,"column":27}},"5":{"start":{"line":12,"column":4},"end":{"line":27,"column":6}},"6":{"start":{"line":18,"column":12},"end":{"line":23,"column":18}}},"fnMap":{"0":{"name":"(anonymous_0)","decl":{"start":{"line":4,"column":21},"end":{"line":4,"column":22}},"loc":{"start":{"line":4,"column":27},"end":{"line":28,"column":1}},"line":4},"1":{"name":"(anonymous_1)","decl":{"start":{"line":8,"column":26},"end":{"line":8,"column":27}},"loc":{"start":{"line":8,"column":32},"end":{"line":10,"column":5}},"line":8},"2":{"name":"(anonymous_2)","decl":{"start":{"line":17,"column":28},"end":{"line":17,"column":29}},"loc":{"start":{"line":18,"column":12},"end":{"line":23,"column":18}},"line":18}},"branchMap":{},"s":{"0":3,"1":3,"2":3,"3":3,"4":0,"5":3,"6":2},"f":{"0":3,"1":0,"2":2},"b":{},"_coverageSchema":"1a1c01bbd47fc00a2c39e90264f33305004495a9","hash":"cd8bffba454a998be9bc65c23cfba95e6426b01e"}
,"/home/akhilesh/React/ipo-currency_rate-dashboard/src/context/AuthContext.jsx": {"path":"/home/akhilesh/React/ipo-currency_rate-dashboard/src/context/AuthContext.jsx","statementMap":{"0":{"start":{"line":3,"column":20},"end":{"line":3,"column":35}},"1":{"start":{"line":5,"column":28},"end":{"line":46,"column":1}},"2":{"start":{"line":7,"column":44},"end":{"line":7,"column":59}},"3":{"start":{"line":10,"column":48},"end":{"line":10,"column":60}},"4":{"start":{"line":13,"column":38},"end":{"line":13,"column":50}},"5":{"start":{"line":16,"column":23},"end":{"line":20,"column":3}},"6":{"start":{"line":18,"column":4},"end":{"line":18,"column":64}},"7":{"start":{"line":18,"column":38},"end":{"line":18,"column":62}},"8":{"start":{"line":19,"column":4},"end":{"line":19,"column":59}},"9":{"start":{"line":23,"column":20},"end":{"line":26,"column":3}},"10":{"start":{"line":24,"column":4},"end":{"line":24,"column":27}},"11":{"start":{"line":25,"column":4},"end":{"line":25,"column":47}},"12":{"start":{"line":29,"column":17},"end":{"line":32,"column":3}},"13":{"start":{"line":30,"column":4},"end":{"line":30,"column":28}},"14":{"start":{"line":31,"column":4},"end":{"line":31,"column":39}},"15":{"start":{"line":35,"column":25},"end":{"line":38,"column":3}},"16":{"start":{"line":36,"column":4},"end":{"line":36,"column":25}},"17":{"start":{"line":37,"column":4},"end":{"line":37,"column":64}},"18":{"start":{"line":41,"column":2},"end":{"line":45,"column":4}},"19":{"start":{"line":49,"column":23},"end":{"line":51,"column":1}},"20":{"start":{"line":50,"column":2},"end":{"line":50,"column":33}}},"fnMap":{"0":{"name":"(anonymous_0)","decl":{"start":{"line":5,"column":28},"end":{"line":5,"column":29}},"loc":{"start":{"line":5,"column":46},"end":{"line":46,"column":1}},"line":5},"1":{"name":"(anonymous_1)","decl":{"start":{"line":16,"column":23},"end":{"line":16,"column":24}},"loc":{"start":{"line":16,"column":37},"end":{"line":20,"column":3}},"line":16},"2":{"name":"(anonymous_2)","decl":{"start":{"line":18,"column":23},"end":{"line":18,"column":24}},"loc":{"start":{"line":18,"column":38},"end":{"line":18,"column":62}},"line":18},"3":{"name":"(anonymous_3)","decl":{"start":{"line":23,"column":20},"end":{"line":23,"column":21}},"loc":{"start":{"line":23,"column":26},"end":{"line":26,"column":3}},"line":23},"4":{"name":"(anonymous_4)","decl":{"start":{"line":29,"column":17},"end":{"line":29,"column":18}},"loc":{"start":{"line":29,"column":23},"end":{"line":32,"column":3}},"line":29},"5":{"name":"(anonymous_5)","decl":{"start":{"line":35,"column":25},"end":{"line":35,"column":26}},"loc":{"start":{"line":35,"column":33},"end":{"line":38,"column":3}},"line":35},"6":{"name":"(anonymous_6)","decl":{"start":{"line":49,"column":23},"end":{"line":49,"column":24}},"loc":{"start":{"line":49,"column":29},"end":{"line":51,"column":1}},"line":49}},"branchMap":{},"s":{"0":5,"1":5,"2":17,"3":17,"4":17,"5":17,"6":1,"7":1,"8":1,"9":17,"10":2,"11":2,"12":17,"13":1,"14":1,"15":17,"16":1,"17":1,"18":17,"19":5,"20":10},"f":{"0":17,"1":1,"2":1,"3":2,"4":1,"5":1,"6":10},"b":{},"_coverageSchema":"1a1c01bbd47fc00a2c39e90264f33305004495a9","hash":"ecc5daf6ab868e2d76b02fa1ff030689831e739a"}
,"/home/akhilesh/React/ipo-currency_rate-dashboard/src/guards/AuthGuard.jsx": {"path":"/home/akhilesh/React/ipo-currency_rate-dashboard/src/guards/AuthGuard.jsx","statementMap":{"0":{"start":{"line":6,"column":28},"end":{"line":6,"column":37}},"1":{"start":{"line":9,"column":2},"end":{"line":11,"column":3}},"2":{"start":{"line":10,"column":4},"end":{"line":10,"column":36}},"3":{"start":{"line":14,"column":2},"end":{"line":14,"column":20}}},"fnMap":{"0":{"name":"AuthGuard","decl":{"start":{"line":5,"column":9},"end":{"line":5,"column":18}},"loc":{"start":{"line":5,"column":21},"end":{"line":15,"column":1}},"line":5}},"branchMap":{"0":{"loc":{"start":{"line":9,"column":2},"end":{"line":11,"column":3}},"type":"if","locations":[{"start":{"line":9,"column":2},"end":{"line":11,"column":3}},{"start":{},"end":{}}],"line":9}},"s":{"0":1,"1":1,"2":1,"3":0},"f":{"0":1},"b":{"0":[1,0]},"_coverageSchema":"1a1c01bbd47fc00a2c39e90264f33305004495a9","hash":"52e676cc491167a0cfb1f948bee3c9afa274a089"}
,"/home/akhilesh/React/ipo-currency_rate-dashboard/src/hooks/useCurrencyRatesData.js": {"path":"/home/akhilesh/React/ipo-currency_rate-dashboard/src/hooks/useCurrencyRatesData.js","statementMap":{"0":{"start":{"line":3,"column":29},"end":{"line":28,"column":1}},"1":{"start":{"line":4,"column":44},"end":{"line":4,"column":56}},"2":{"start":{"line":6,"column":2},"end":{"line":25,"column":9}},"3":{"start":{"line":7,"column":31},"end":{"line":22,"column":5}},"4":{"start":{"line":8,"column":6},"end":{"line":21,"column":7}},"5":{"start":{"line":9,"column":25},"end":{"line":11,"column":9}},"6":{"start":{"line":13,"column":8},"end":{"line":15,"column":9}},"7":{"start":{"line":14,"column":10},"end":{"line":14,"column":60}},"8":{"start":{"line":17,"column":21},"end":{"line":17,"column":42}},"9":{"start":{"line":18,"column":8},"end":{"line":18,"column":31}},"10":{"start":{"line":20,"column":8},"end":{"line":20,"column":37}},"11":{"start":{"line":24,"column":4},"end":{"line":24,"column":25}},"12":{"start":{"line":27,"column":2},"end":{"line":27,"column":29}}},"fnMap":{"0":{"name":"(anonymous_0)","decl":{"start":{"line":3,"column":29},"end":{"line":3,"column":30}},"loc":{"start":{"line":3,"column":35},"end":{"line":28,"column":1}},"line":3},"1":{"name":"(anonymous_1)","decl":{"start":{"line":6,"column":12},"end":{"line":6,"column":13}},"loc":{"start":{"line":6,"column":18},"end":{"line":25,"column":3}},"line":6},"2":{"name":"(anonymous_2)","decl":{"start":{"line":7,"column":31},"end":{"line":7,"column":32}},"loc":{"start":{"line":7,"column":43},"end":{"line":22,"column":5}},"line":7}},"branchMap":{"0":{"loc":{"start":{"line":13,"column":8},"end":{"line":15,"column":9}},"type":"if","locations":[{"start":{"line":13,"column":8},"end":{"line":15,"column":9}},{"start":{},"end":{}}],"line":13},"1":{"loc":{"start":{"line":13,"column":12},"end":{"line":13,"column":37}},"type":"binary-expr","locations":[{"start":{"line":13,"column":12},"end":{"line":13,"column":21}},{"start":{"line":13,"column":25},"end":{"line":13,"column":37}}],"line":13},"2":{"loc":{"start":{"line":27,"column":9},"end":{"line":27,"column":28}},"type":"binary-expr","locations":[{"start":{"line":27,"column":9},"end":{"line":27,"column":22}},{"start":{"line":27,"column":26},"end":{"line":27,"column":28}}],"line":27}},"s":{"0":2,"1":1,"2":1,"3":1,"4":1,"5":1,"6":0,"7":0,"8":0,"9":0,"10":0,"11":1,"12":1},"f":{"0":1,"1":1,"2":1},"b":{"0":[0,0],"1":[0,0],"2":[1,0]},"_coverageSchema":"1a1c01bbd47fc00a2c39e90264f33305004495a9","hash":"fb9bb78125274d1d8e75a003a0c37d01480515fd"}
,"/home/akhilesh/React/ipo-currency_rate-dashboard/src/hooks/useIPOsData.js": {"path":"/home/akhilesh/React/ipo-currency_rate-dashboard/src/hooks/useIPOsData.js","statementMap":{"0":{"start":{"line":3,"column":27},"end":{"line":3,"column":53}},"1":{"start":{"line":4,"column":16},"end":{"line":4,"column":53}},"2":{"start":{"line":6,"column":20},"end":{"line":27,"column":1}},"3":{"start":{"line":7,"column":28},"end":{"line":7,"column":40}},"4":{"start":{"line":9,"column":4},"end":{"line":24,"column":11}},"5":{"start":{"line":10,"column":30},"end":{"line":22,"column":9}},"6":{"start":{"line":11,"column":12},"end":{"line":21,"column":13}},"7":{"start":{"line":12,"column":33},"end":{"line":12,"column":117}},"8":{"start":{"line":13,"column":16},"end":{"line":15,"column":17}},"9":{"start":{"line":14,"column":20},"end":{"line":14,"column":66}},"10":{"start":{"line":16,"column":29},"end":{"line":16,"column":50}},"11":{"start":{"line":17,"column":16},"end":{"line":17,"column":30}},"12":{"start":{"line":19,"column":16},"end":{"line":19,"column":45}},"13":{"start":{"line":23,"column":8},"end":{"line":23,"column":24}},"14":{"start":{"line":26,"column":4},"end":{"line":26,"column":22}}},"fnMap":{"0":{"name":"(anonymous_0)","decl":{"start":{"line":6,"column":20},"end":{"line":6,"column":21}},"loc":{"start":{"line":6,"column":26},"end":{"line":27,"column":1}},"line":6},"1":{"name":"(anonymous_1)","decl":{"start":{"line":9,"column":14},"end":{"line":9,"column":15}},"loc":{"start":{"line":9,"column":20},"end":{"line":24,"column":5}},"line":9},"2":{"name":"(anonymous_2)","decl":{"start":{"line":10,"column":30},"end":{"line":10,"column":31}},"loc":{"start":{"line":10,"column":42},"end":{"line":22,"column":9}},"line":10}},"branchMap":{"0":{"loc":{"start":{"line":13,"column":16},"end":{"line":15,"column":17}},"type":"if","locations":[{"start":{"line":13,"column":16},"end":{"line":15,"column":17}},{"start":{},"end":{}}],"line":13},"1":{"loc":{"start":{"line":26,"column":11},"end":{"line":26,"column":21}},"type":"binary-expr","locations":[{"start":{"line":26,"column":11},"end":{"line":26,"column":15}},{"start":{"line":26,"column":19},"end":{"line":26,"column":21}}],"line":26}},"s":{"0":3,"1":3,"2":3,"3":1,"4":1,"5":1,"6":1,"7":1,"8":0,"9":0,"10":0,"11":0,"12":0,"13":1,"14":1},"f":{"0":1,"1":1,"2":1},"b":{"0":[0,0],"1":[1,0]},"_coverageSchema":"1a1c01bbd47fc00a2c39e90264f33305004495a9","hash":"5447856bb235950fa89f0901b2d6de7f2aa2b8b8"}
}
