TN:
SF:src/App.js
FN:16,App
FN:20,(anonymous_1)
FNF:2
FNH:1
FNDA:1,App
FNDA:0,(anonymous_1)
DA:18,1
DA:20,1
DA:21,0
DA:24,1
LF:4
LH:3
BRF:0
BRH:0
end_of_record
TN:
SF:src/components/Contact.jsx
FN:6,(anonymous_0)
FN:15,(anonymous_1)
FN:17,(anonymous_2)
FN:23,(anonymous_3)
FN:29,(anonymous_4)
FN:42,(anonymous_5)
FN:48,(anonymous_6)
FNF:7
FNH:6
FNDA:5,(anonymous_0)
FNDA:3,(anonymous_1)
FNDA:3,(anonymous_2)
FNDA:1,(anonymous_3)
FNDA:2,(anonymous_4)
FNDA:0,(anonymous_5)
FNDA:2,(anonymous_6)
DA:6,2
DA:7,5
DA:12,5
DA:13,5
DA:15,5
DA:16,3
DA:17,3
DA:23,5
DA:24,1
DA:25,1
DA:26,1
DA:29,5
DA:31,2
DA:32,1
DA:42,1
DA:43,0
DA:48,2
DA:49,2
DA:50,1
DA:55,5
LF:20
LH:19
BRDA:31,0,0,1
BRDA:31,0,1,1
BRDA:49,1,0,1
BRDA:49,1,1,1
BRF:4
BRH:4
end_of_record
TN:
SF:src/components/PageNotFound.jsx
FN:3,(anonymous_0)
FNF:1
FNH:1
FNDA:2,(anonymous_0)
DA:3,2
DA:4,2
LF:2
LH:2
BRF:0
BRH:0
end_of_record
TN:
SF:src/components/Auth/Login.jsx
FN:10,(anonymous_0)
FN:18,(anonymous_1)
FN:20,(anonymous_2)
FN:26,(anonymous_3)
FN:29,(anonymous_4)
FNF:5
FNH:5
FNDA:7,(anonymous_0)
FNDA:4,(anonymous_1)
FNDA:4,(anonymous_2)
FNDA:1,(anonymous_3)
FNDA:1,(anonymous_4)
DA:10,2
DA:11,7
DA:15,7
DA:16,7
DA:18,7
DA:19,4
DA:20,4
DA:26,7
DA:27,1
DA:28,1
DA:30,1
DA:32,1
DA:33,0
DA:34,0
DA:35,0
DA:36,0
DA:39,0
DA:49,1
DA:60,7
DA:61,0
DA:64,7
LF:21
LH:15
BRDA:30,0,0,1
BRDA:30,0,1,0
BRDA:32,1,0,0
BRDA:32,1,1,1
BRDA:60,2,0,0
BRDA:60,2,1,7
BRF:6
BRH:3
end_of_record
TN:
SF:src/components/Auth/Registration.jsx
FN:8,(anonymous_0)
FN:19,(anonymous_1)
FN:21,(anonymous_2)
FN:27,(anonymous_3)
FN:45,(anonymous_4)
FN:55,(anonymous_5)
FN:57,(anonymous_6)
FN:65,(anonymous_7)
FNF:8
FNH:7
FNDA:12,(anonymous_0)
FNDA:8,(anonymous_1)
FNDA:8,(anonymous_2)
FNDA:2,(anonymous_3)
FNDA:4,(anonymous_4)
FNDA:1,(anonymous_5)
FNDA:0,(anonymous_6)
FNDA:4,(anonymous_7)
DA:8,2
DA:9,12
DA:15,12
DA:16,12
DA:17,12
DA:19,12
DA:20,8
DA:21,8
DA:27,12
DA:28,2
DA:29,2
DA:30,1
DA:31,1
DA:32,1
DA:34,1
DA:45,12
DA:47,4
DA:48,1
DA:57,1
DA:58,0
DA:65,4
DA:66,4
DA:67,0
DA:72,12
LF:24
LH:22
BRDA:29,0,0,1
BRDA:29,0,1,1
BRDA:47,1,0,1
BRDA:47,1,1,3
BRDA:66,2,0,0
BRDA:66,2,1,4
BRF:6
BRH:5
end_of_record
TN:
SF:src/components/Charts/HighChartDataFetcher.jsx
FN:4,(anonymous_0)
FN:8,(anonymous_1)
FN:9,(anonymous_2)
FNF:3
FNH:3
FNDA:8,(anonymous_0)
FNDA:5,(anonymous_1)
FNDA:5,(anonymous_2)
DA:4,3
DA:5,8
DA:6,8
DA:8,8
DA:9,5
DA:10,5
DA:11,5
DA:13,1
DA:14,1
DA:17,0
DA:18,0
DA:20,3
DA:21,3
DA:25,5
DA:28,8
LF:15
LH:13
BRDA:13,0,0,1
BRDA:13,0,1,0
BRDA:30,1,0,3
BRDA:30,1,1,5
BRF:4
BRH:3
end_of_record
TN:
SF:src/components/Charts/Highchart.jsx
FN:8,(anonymous_0)
FN:10,(anonymous_1)
FN:11,(anonymous_2)
FN:20,(anonymous_3)
FNF:4
FNH:2
FNDA:5,(anonymous_0)
FNDA:0,(anonymous_1)
FNDA:0,(anonymous_2)
FNDA:5,(anonymous_3)
DA:6,3
DA:8,3
DA:10,5
DA:11,0
DA:16,0
DA:17,0
DA:20,5
DA:21,5
DA:22,0
DA:27,5
DA:88,5
LF:11
LH:7
BRDA:21,0,0,0
BRDA:21,0,1,5
BRDA:21,1,0,5
BRDA:21,1,1,5
BRDA:36,2,0,5
BRDA:36,2,1,0
BRF:6
BRH:4
end_of_record
TN:
SF:src/components/Dashboard/Dashboard.jsx
FN:6,(anonymous_0)
FNF:1
FNH:1
FNDA:1,(anonymous_0)
DA:6,2
DA:7,1
LF:2
LH:2
BRF:0
BRH:0
end_of_record
TN:
SF:src/components/Home/Header.jsx
FN:14,Header
FNF:1
FNH:1
FNDA:2,Header
DA:15,2
LF:1
LH:1
BRF:0
BRH:0
end_of_record
TN:
SF:src/components/Home/Home.jsx
FN:9,Home
FNF:1
FNH:1
FNDA:2,Home
DA:10,2
LF:1
LH:1
BRF:0
BRH:0
end_of_record
TN:
SF:src/components/Home/Sidebar.jsx
FN:16,Sidebar
FNF:1
FNH:1
FNDA:2,Sidebar
DA:17,2
LF:1
LH:1
BRDA:20,0,0,1
BRDA:20,0,1,1
BRF:2
BRH:2
end_of_record
TN:
SF:src/components/IPOsAndCurrencyRate/CurrencyRates.jsx
FN:4,(anonymous_0)
FN:8,(anonymous_1)
FN:17,(anonymous_2)
FNF:3
FNH:2
FNDA:6,(anonymous_0)
FNDA:0,(anonymous_1)
FNDA:3,(anonymous_2)
DA:4,3
DA:5,6
DA:6,5
DA:8,5
DA:9,0
DA:12,5
DA:18,3
LF:7
LH:6
BRDA:17,0,0,5
BRDA:17,0,1,3
BRF:2
BRH:2
end_of_record
TN:
SF:src/components/IPOsAndCurrencyRate/UpcomingIPOs.jsx
FN:4,(anonymous_0)
FN:8,(anonymous_1)
FN:17,(anonymous_2)
FNF:3
FNH:2
FNDA:3,(anonymous_0)
FNDA:0,(anonymous_1)
FNDA:2,(anonymous_2)
DA:4,3
DA:5,3
DA:6,3
DA:8,3
DA:9,0
DA:12,3
DA:18,2
LF:7
LH:6
BRF:0
BRH:0
end_of_record
TN:
SF:src/context/AuthContext.jsx
FN:5,(anonymous_0)
FN:16,(anonymous_1)
FN:18,(anonymous_2)
FN:23,(anonymous_3)
FN:29,(anonymous_4)
FN:35,(anonymous_5)
FN:49,(anonymous_6)
FNF:7
FNH:7
FNDA:17,(anonymous_0)
FNDA:1,(anonymous_1)
FNDA:1,(anonymous_2)
FNDA:2,(anonymous_3)
FNDA:1,(anonymous_4)
FNDA:1,(anonymous_5)
FNDA:10,(anonymous_6)
DA:3,5
DA:5,5
DA:7,17
DA:10,17
DA:13,17
DA:16,17
DA:18,1
DA:19,1
DA:23,17
DA:24,2
DA:25,2
DA:29,17
DA:30,1
DA:31,1
DA:35,17
DA:36,1
DA:37,1
DA:41,17
DA:49,5
DA:50,10
LF:20
LH:20
BRF:0
BRH:0
end_of_record
TN:
SF:src/guards/AuthGuard.jsx
FN:5,AuthGuard
FNF:1
FNH:1
FNDA:1,AuthGuard
DA:6,1
DA:9,1
DA:10,1
DA:14,0
LF:4
LH:3
BRDA:9,0,0,1
BRDA:9,0,1,0
BRF:2
BRH:1
end_of_record
TN:
SF:src/hooks/useCurrencyRatesData.js
FN:3,(anonymous_0)
FN:6,(anonymous_1)
FN:7,(anonymous_2)
FNF:3
FNH:3
FNDA:1,(anonymous_0)
FNDA:1,(anonymous_1)
FNDA:1,(anonymous_2)
DA:3,2
DA:4,1
DA:6,1
DA:7,1
DA:8,1
DA:9,1
DA:13,0
DA:14,0
DA:17,0
DA:18,0
DA:20,0
DA:24,1
DA:27,1
LF:13
LH:8
BRDA:13,0,0,0
BRDA:13,0,1,0
BRDA:13,1,0,0
BRDA:13,1,1,0
BRDA:27,2,0,1
BRDA:27,2,1,0
BRF:6
BRH:1
end_of_record
TN:
SF:src/hooks/useIPOsData.js
FN:6,(anonymous_0)
FN:9,(anonymous_1)
FN:10,(anonymous_2)
FNF:3
FNH:3
FNDA:1,(anonymous_0)
FNDA:1,(anonymous_1)
FNDA:1,(anonymous_2)
DA:3,3
DA:4,3
DA:6,3
DA:7,1
DA:9,1
DA:10,1
DA:11,1
DA:12,1
DA:13,0
DA:14,0
DA:16,0
DA:17,0
DA:19,0
DA:23,1
DA:26,1
LF:15
LH:10
BRDA:13,0,0,0
BRDA:13,0,1,0
BRDA:26,1,0,1
BRDA:26,1,1,0
BRF:4
BRH:1
end_of_record
